CPLEX 22.1.1.0: optimal solution; objective 2051.52605
5 dual simplex iterations (5 in phase I) on the dual problem
p :=
1 1   259
2 1     0
;

d [*] :=
 1  -20.0675
 2   -9.33393
 3    4.3174
 4    0
 5   -2.75992
 6    7.89185
 7    6.03721
 8    6.03721
 9    9.21315
10    9.72739
11    9.16765
12    9.82609
13   10.1182
14   11.8761
;

CPLEX 22.1.1.0: optimal solution; objective 93152.37193
70 dual simplex iterations (60 in phase I) on the dual problem
p :=
10  1   505
12  1     0
25  1     0
26  1   485
31  1    17
46  1    20
49  1   223
54  1    38.386
59  1   308
61  1   195
65  1     0
66  1     0
69  1   629.706
80  1   509
87  1     0
89  1   637
100 1   653
103 1    21.9079
111 1     0
;

d [*] :=
  1  20.4984      31  15.0795      61  -4.65513     91 -60.3375
  2  19.7454      32  12.4771      62  -2.09326     92 -61.6107
  3  18.6556      33  19.0285      63  -3.43638     93 -55.5729
  4  11.1078      34  17.7205      64  -5.21688     94 -51.2394
  5  10.1589      35  18.5231      65  -8.53847     95 -46.0952
  6  15.81        36  18.5309      66  -2.56368     96 -41.909
  7  16.9051      37  16.8452      67  -0.823354    97 -37.7825
  8  -0.434762    38   7.76185     68 -15.527       98 -41.5742
  9 -15.8373      39  22.685       69 -26.0108      99 -49.5973
 10 -32.0983      40  24.3847      70 -12.2435     100 -58.8405
 11  16.6059      41  25.2175      71 -10.8235     101 -58.3243
 12  18.0491      42  22.531       72  -4.7037     102 -60.3301
 13  18.8585      43  17.9131      73 -10.5511     103 -50.913
 14  18.7837      44  13.7772      74 -12.6485     104 -45.9626
 15  18.0799      45  10.8171      75 -15.5336     105 -43.8314
 16  17.9292      46   5.474       76 -16.0441     106 -43.7346
 17  13.1676      47   0.666361    77 -29.137      107 -39.208
 18  17.3094      48   3.66945     78 -28.6992     108 -40.8842
 19  18.3947      49   2.17728     79 -29.5701     109 -39.7343
 20  16.9596      50   5.34873     80 -34.8285     110 -37.3017
 21  14.39        51   9.36287     81 -22.3433     111 -37.3017
 22  10.0962      52  10.8224      82 -38.7097     112 -32.9497
 23   1.46784     53  11.9376      83 -42.5893     113  13.2357
 24  -0.391914    54   9.9638      84 -49.4643     114  13.2473
 25  -8.04814     55  10.1857      85 -53.5079     115  13.2949
 26 -17.2915      56   9.99456     86 -50.9249     116 -14.7818
 27  12.0045      57   8.722       87 -50.9249     117  20.8491
 28  14.4282      58  10.1271      88 -61.7704     118 -14.9307
 29  15.4983      59   0           89 -70.9555
 30   3.60899     60  -3.07844     90 -60.3367
;

CPLEX 22.1.1.0: optimal solution; objective 310117.7319
184 dual simplex iterations (0 in phase I)
p [*,*]
:         1          2          3       :=
4      281.74         .          .
10      97.5          .          .
15    -200        -200        179
16    -200            .          .
19      26            .          .
22       0            .          .
29       0            .          .
30       0            .          .
37       0            .          .
44     161.944        .          .
45       0            .          .
49       0            .          .
54       0            .          .
58     169.994        .          .
60       0            .          .
69     172.18         .          .
75      78.08         .          .
80     179         125.643   -200
81     179            .          .
84      26            .          .
87       0            .          .
94       0            .          .
95       0            .          .
102      0            .          .
109    173.83         .          .
110      0            .          .
114    144.78         .          .
119      0            .          .
123      0            .          .
125      0            .          .
133     60.69         .          .
138     10.47         .          .
152      0            .          .
153      0           0           .
172      0            .          .
178      0            .          .
183    205            .          .
184    100            .          .
185     90            .          .
186     90            .          .
187    607.86         .          .
199     90            .          .
205     89.2149       .          .
210      2.5          .          .
222      0            .          .
226      0            .          .
227     50            .          .
230      0            .          .
271     16.56         .          .
275     89.84         .          .
278      9.75         .          .
281     19.3          .          .
296    660.905     343.14        .
326     22            .          .
361    207.66        4.75        .
362     64.83         .          .
365      5.13         .          .
366    131.27         .          .
368     60.17         .          .
385     26.89         .          .
390    465.14         .          .
395    214.41         .          .
411    196.704        .          .
414    431.17         .          .
422     35.69         .          .
423     70            .          .
424     70            .          .
440     32            .          .
455     10          25           .
475    111.232     120           .
476    254.99         .          .
514      2.64         .          .
545    240            .          .
546    240         240           .
547    353.78     1090.99     353.78
548    462.5       255.862    425
557    156.95         .          .
560     91.67         .          .
570    240            .          .
574      0            .          .
580    218.98         .          .
;

CPLEX 22.1.1.0: optimal solution; objective 2217129.721
0 dual simplex iterations (0 in phase I) on the dual problem
17 barrier iterations
p [*,*]
:          1           2           3          4         5       :=
1         1.59          .          .        .          .
2       170.7           .          .        .          .
3        46.11          .          .        .          .
5       155.54          .          .        .          .
10       83.06          .          .        .          .
12      137.5           .          .        .          .
13      137.5           .          .        .          .
18      150             .          .        .          .
19      250          133.33        .        .          .
20      464             .          .        .          .
24      192.72          .          .        .          .
44       55             .          .        .          .
45       68.75         3           .        .          .
59       14.5           .          .        .          .
80       16.67          .          .        .          .
85      200             .          .        .          .
98       55             .          .        .          .
113      71.88          .          .        .          .
115       1             .          .        .          .
120       0            0           .        .          .
124       5             .          .        .          .
132       0          206.188       .        .          .
147       0             .          .        .          .
153       0            0           .        .          .
157       0             .          .        .          .
159      12.53          .          .        .          .
160       0            0           .        .          .
170       0             .          .        .          .
171    1108.43          .          .        .          .
172       0             .          .        .          .
175     285             .          .        .          .
176       0             .          .        .          .
177       0             .          .        .          .
178     388.5           .          .        .          .
180     432.35          .          .        .          .
181       0             .          .        .          .
183     405.03          .          .        .          .
184       0             .          .        .          .
185     330.539         .          .        .          .
186       0             .          .        .          .
188     400.05          .          .        .          .
189     400.05          .          .        .          .
190     399.9           .          .        .          .
192       0             .          .        .          .
193       0             .          .        .          .
194       0             .          .        .          .
197     624.427         .          .        .          .
198     581.26          .          .        .          .
203     765.66          .          .        .          .
206    1966.77          .          .        .          .
228     451.68          .          .        .          .
229     242.48          .          .        .          .
230     210.57          .          .        .          .
258     178.837         .          .        .          .
259     253.13          .          .        .          .
260     253.13          .          .        .          .
262     412.16          .          .        .          .
307       0             .          .        .          .
316      13.6823        .          .        .          .
319       4.73          .          .        .          .
321       0             .          .        .          .
323      46.88          .          .        .          .
324      41.2           .          .        .          .
326      43.13          .          .        .          .
327       0             .          .        .          .
330       0             .          .        .          .
334      18.75          .          .        .          .
335       0             .          .        .          .
336       0             .          .        .          .
340       0             .          .        .          .
342       0             .          .        .          .
346      34.71          .          .        .          .
348      47.96          .          .        .          .
353       2.74          .          .        .          .
359      65.12          .          .        .          .
376      46.88          .          .        .          .
384      13.1555        .          .        .          .
387      47.76          .          .        .          .
391      24.73          .          .        .          .
402      13.03          .          .        .          .
404      78             .          .        .          .
422      21             .          .        .          .
441      18.1898        .          .        .          .
453      27.17          .          .        .          .
471      88.67          .          .        .          .
489     113.92          .          .        .          .
494     110             .          .        .          .
495     256.25          .          .        .          .
496     110          120           .        .          .
497     535             .          .        .          .
498     250             .          .        .          .
502      82.84          .          .        .          .
504     233.66          .          .        .          .
515       8.19999       .          .        .          .
517      88.02          .          .        .          .
537      15            3           .        .          .
564      37           50           .        .          .
598     135             .          .        .          .
623      29.14          .          .        .          .
626      16.38          .          .        .          .
666     108             .          .        .          .
667       0             .          .        .          .
668     129.6           .          .        .          .
674     120             .          .        .          .
675     120             .          .        .          .
676     256.25          .          .        .          .
697     268.75          .          .        .          .
699       2.59          .          .        .          .
703      70           70           .        .          .
725       0             .          .        .          .
726     121.92          .          .        .          .
735    -200          112.189   -200         .          .
736     179             .          .        .          .
742       0             .          .        .          .
745      62.817         .          .        .          .
746      26             .          .        .          .
747       0             .          .        .          .
748     161.377         .          .        .          .
749       0             .          .        .          .
750      26             .          .        .          .
753       0             .          .        .          .
754       0             .          .        .          .
762     197.605         .          .        .          .
765       0             .          .        .          .
767      24.1           .          .        .          .
768       0             .          .        .          .
769     134.475         .          .        .          .
777     164.536         .          .        .          .
784       0             .          .        .          .
787       0             .          .        .          .
791       0             .          .        .          .
795       0             .          .        .          .
796       0             .          .        .          .
804     212.64          .          .        .          .
806     758.03       752.37        .        .          .
814     135          135           .        .          .
830     180             .          .        .          .
831     462.5           .          .        .          .
899       0             .          .        .          .
900       0             .          .        .          .
906     140             .          .        .          .
911     240           88.81        .        .          .
916      91.67          .          .        .          .
917      91.67          .          .        .          .
921     250             .          .        .          .
922      73.62          .          .        .          .
924     150             .          .        .          .
925     150          200           .        .          .
926     333.43          .          .        .          .
931     914.95          .          .        .          .
939     393.52          .          .        .          .
954       3.01          .          .        .          .
958      15             .          .        .          .
959      15            3           .        .          .
981     137.5           .          .        .          .
993      15             .          .        .          .
1001     31.16          .          .        .          .
1017     40           35           .        .          .
1018     16.67          .          .        .          .
1028    148.522         .          .        .          .
1036    200             .          .        .          .
1051     18.92          .          .        .          .
1053    115.465         .          .        .          .
1055      2             .          .        .          .
1056    138.261         .          .        .          .
1062     21.56          .          .        .          .
1072     55             .          .        .          .
1090    176.071         .          .        .          .
1092      0             .          .        .          .
1111      1             .          .        .          .
1116      0            0           .        .          .
1120      5             .          .        .          .
1136      0            0           .        .          .
1144     72.6952        .          .        .          .
1164      0             .          .        .          .
1172      0             .          .        .          .
1174      0           40           .        .          .
1177     18             .          .        .          .
1189      3.97          .          .        .          .
1190      0             .          .        .          .
1193      0            0           .        .          .
1194      0             .          .        .          .
1203    194.611         .          .        .          .
1208    402.12          .          .        .          .
1209    402.16          .          .        .          .
1216    979.15          .          .        .          .
1264    119.59          .          .        .          .
1294    711.4           .          .        .          .
1298    161.33          .          .        .          .
1299      0             .          .        .          .
1300    297.94          .          .        .          .
1301    297.94          .          .        .          .
1303    337.13          .          .        .          .
1304      0             .          .        .          .
1306    322.77          .          .        .          .
1307    322.81          .          .        .          .
1309    132.19          .          .        .          .
1311     49.4597        .          .        .          .
1313    266.82          .          .        .          .
1314    266.82          .          .        .          .
1315    266.82          .          .        .          .
1316    218.287         .          .        .          .
1318    206.25          .          .        .          .
1319    126.642         .          .        .          .
1321    206.25          .          .        .          .
1322      0             .          .        .          .
1324     42.5794        .          .        .          .
1326     71.47          .          .        .          .
1328      0             .          .        .          .
1330     85.05          .          .        .          .
1332     44.55          .          .        .          .
1334     24.4594        .          .        .          .
1336     84.38          .          .        .          .
1338      0             .          .        .          .
1340      0             .          .        .          .
1342      0             .          .        .          .
1344      0             .          .        .          .
1568     46.49          .          .        .          .
1582    225             .          .        .          .
1627     61.87          .          .        .          .
1683      0             .          .        .          .
1685      0             .          .        .          .
1687      0             .          .        .          .
1689      0             .          .        .          .
1691      0             .          .        .          .
1699     30             .          .        .          .
1701      0             .          .        .          .
1703     39.15          .          .        .          .
1705     46.88          .          .        .          .
1707      0             .          .        .          .
1709      0             .          .        .          .
1711      0             .          .        .          .
1712    214.49          .          .        .          .
1715     33.34          .          .        .          .
1717      0             .          .        .          .
1724     15.56          .          .        .          .
1726      0             .          .        .          .
1728    217.163         .          .        .          .
1730    236.59          .          .        .          .
1732      0             .          .        .          .
1734      0             .          .        .          .
1736      0             .          .        .          .
1738     75             .          .        .          .
1740      0             .          .        .          .
1742     75             .          .        .          .
1744      0             .          .        .          .
1746     22.5           .          .        .          .
1759     26.54          .          .        .          .
1760     53             .          .        .          .
1789     16.3           .          .        .          .
1798     48.09          .          .        .          .
1802     17.03          .          .        .          .
1803      0             .          .        .          .
1811     17             .          .        .          .
1812     17             .          .        .          .
1837      0             .          .        .          .
1839     41.74          .          .        .          .
1841     28.67          .          .        .          .
1858     24.47          .          .        .          .
1859     13.46          .          .        .          .
1923     82.5           .          .        .          .
1944    110             .          .        .          .
1953    240             .          .        .          .
1954    240          240           .        .          .
1955    419.5       1091.15    1091.15      .          .
1956    462.5        240        240         .          .
1967    110             .          .        .          .
1968    256.25          .          .        .          .
1969    281.25       120           .        .          .
1970    255             .          .        .          .
1971    560             .          .        .          .
1980    262.5           .          .        .          .
1981    129          129           .        .          .
1983    129          129           .        .          .
2002    140          140           .        .          .
2003    281.25       140           .        .          .
2006    110.43          .          .        .          .
2007      0.35          .          .        .          .
2017      0             .          .        .          .
2023    120             .          .        .          .
2024     70             .          .        .          .
2025    143.75          .          .        .          .
2029     24.24          .          .        .          .
2035     70             .          .        .          .
2036     80             .          .        .          .
2044    135          256.25        .        .          .
2055    113             .          .        .          .
2056    240             .          .        .          .
2080      0             .          .        .          .
2103    116.25        36           .        .          .
2127      1.49          .          .        .          .
2144    135             .          .        .          .
2197      0             .          .        .          .
2202    142.251         .          .        .          .
2223    129             .          .        .          .
2227    131.357         .          .        .          .
2267      0             .          .        .          .
2277      0             .          .        .          .
2281     68             .          .        .          .
2294     92             .          .        .          .
2295     85             .          .        .          .
2330      0            0           .        .          .
2343      7.24          .          .        .          .
2371     13.39          .          .        .          .
2372     20             .          .        .          .
2375      3.23          .          .        .          .
2390     10           10           .        .          .
2391      0             .          .        .          .
2392      0             .          .        .          .
2393     22.2304        .          .        .          .
2469     14.7           .          .        .          .
2478     53.75          .          .        .          .
2518     13.85          .          .        .          .
2521      9.63          .          .        .          .
2524      2            2          2        0         93.6237
2532     55             .          .        .          .
2535     80             .          .        .          .
2577     10.99          .          .        .          .
2588    298             .          .        .          .
2589      0             .          .        .          .
2590      0             .          .        .          .
2591      0             .          .        .          .
2610    110             .          .        .          .
2611    140             .          .        .          .
2623    240             .          .        .          .
2624    462.5        240           .        .          .
2625    285.12       285.12     285.12      .          .
2626    240          425        240         .          .
2638    110             .          .        .          .
2639    110             .          .        .          .
2640    110          120           .        .          .
2641    255             .          .        .          .
2642    250             .          .        .          .
2649     14.6           .          .        .          .
2650    129          129           .        .          .
2661    275          140           .        .          .
2662    281.25       140           .        .          .
2663    180          446.25     159.28      .          .
2673      0             .          .        .          .
2676     70             .          .        .          .
2677     70             .          .        .          .
2685     70             .          .        .          .
2691    256.25          .          .        .          .
2692    135          135           .        .          .
2697    137.5           .          .        .          .
2698     91.67          .          .        .          .
2709    100             .          .        .          .
2710    250             .          .        .          .
2711    250             .          .        .          .
2716    104           94           .        .          .
2717    293.75       104        261         .          .
2719    120          120           .        .          .
2725    150             .          .        .          .
2726    150          133.33        .        .          .
2727    464             .          .        .          .
2774      0             .          .        .          .
2775      0             .          .        .          .
2803    240             .          .        .          .
2824      0             .          .        .          .
2843      0            0         75.5159    .          .
2850     11             .          .        .          .
2852     16.67          .          .        .          .
2856     25             .          .        .          .
2861    166.494         .          .        .          .
2893     15             .          .        .          .
2894     15             .          .        .          .
2895     15           12.5         .        .          .
2896     68.75         3           .        .          .
2917     58.9782        .          .        .          .
2935     25.96          .          .        .          .
2974      0.83          .          .        .          .
3020     32.02          .          .        .          .
3021    249.424         .          .        .          .
3052      9.68          .          .        .          .
3056     10           10           .        .          .
3064     70           58.33        .        .          .
3075    161             .          .        .          .
3092     91.67          .          .        .          .
3101     15.42          .          .        .          .
3108    106.69          .          .        .          .
3123      3.7           .          .        .          .
3126     15             .          .        .          .
3134      2             .          .        .          .
3137    205.859         .          .        .          .
3138     70.64          .          .        .          .
3141      3.33          .          .        .          .
3153    147.9           .          .        .          .
3156    215.787        1.67        .        .          .
3160      2.08          .          .        .          .
3167     40.25          .          .        .          .
3174     40           35           .        .          .
3175     35             .          .        .          .
3178      3.25          .          .        .          .
3183     12.26          .          .        .          .
3190     97.11          .          .        .          .
3195     35.7           .          .        .          .
3202      2.08          .          .        .          .
3210      0             .          .        .          .
3241      0.57999       .          .        .          .
3243    223.015         .          .        .          .
3246      1.67          .          .        .          .
3253    150             .          .        .          .
3258      1             .          .        .          .
3259      0             .          .        .          .
3286      2             .          .        .          .
3291      0             .          .        .          .
3292      2             .          .        .          .
3297      2             .          .        .          .
3299      2.08          .          .        .          .
3305      2             .          .        .          .
3313    281.25          .          .        .          .
3338     27.7           .          .        .          .
3345     25.29          .          .        .          .
3353      0             .          .        .          .
3358      0             .          .        .          .
3360      0             .          .        .          .
3368     55             .          .        .          .
3382      7.71          .          .        .          .
3394    183.598         .          .        .          .
3399      0            0           .        .          .
3403      5             .          .        .          .
3422      0            0           .        .          .
3424      0             .          .        .          .
3425      4.17          .          .        .          .
3433      0             .          .        .          .
3436    178.886         .          .        .          .
3438      3.66          .          .        .          .
3456    148.151         .          .        .          .
3460      0             .          .        .          .
3470      0             .          .        .          .
3472      0            0           .        .          .
3475      0             .          .        .          .
3484      0             .          .        .          .
3487      0            0           .        .          .
3488      0             .          .        .          .
3497      0             .          .        .          .
3506    267             .          .        .          .
3507      0             .          .        .          .
3508     96.7728        .          .        .          .
3509    296          194.64        .        .          .
3510      0             .          .        .          .
3511      0             .          .        .          .
3513     15.68          .          .        .          .
3519    268.75        96.25        .        .          .
3520     70             .          .        .          .
3521     70             .          .        .          .
3525     35.83          .          .        .          .
3526     55             .          .        .          .
3534     40.6963        .          .        .          .
3566    120           58.33        .        .          .
3567    149.99          .          .        .          .
3569      2.04999       .          .        .          .
3588      4.91          .          .        .          .
3590      7.89          .          .        .          .
3604      0            2.12        .        .          .
3607    137.96          .          .        .          .
3619   -200         -200       -200         .          .
3620    179             .          .        .          .
3622     26             .          .        .          .
3625      0             .          .        .          .
3631     18             .          .        .          .
3632      0             .          .        .          .
3637    256.627         .          .        .          .
3642      1             .          .        .          .
3648    144.78          .          .        .          .
3649      0             .          .        .          .
3655      0             .          .        .          .
3661    213.987         .          .        .          .
3663     51.9877        .          .        .          .
3672    189.611         .          .        .          .
3673      0             .          .        .          .
3674      0             .          .        .          .
3676    403.98          .          .        .          .
3677      0             .          .        .          .
3678    404.02          .          .        .          .
3680    382.434         .          .        .          .
3681      0             .          .        .          .
3683      0             .          .        .          .
3684    287.81          .          .        .          .
3685    287.81          .          .        .          .
3686      0             .          .        .          .
3688    287.81          .          .        .          .
3689      0             .          .        .          .
3690    287.81          .          .        .          .
3691    287.81          .          .        .          .
3692      0             .          .        .          .
3693    392.07          .          .        .          .
3695    666.655         .          .        .          .
3715     15.04          .          .        .          .
3745    110             .          .        .          .
3747     23             .          .        .          .
3750      4.33          .          .        .          .
3758      1            1          1        8.02999     .
3759      1             .          .        .          .
3762      0.46          .          .        .          .
3763     10.81          .          .        .          .
3781     89.44          .          .        .          .
3789    120             .          .        .          .
3790     10             .          .        .          .
3806     98.6273        .          .        .          .
3820    135             .          .        .          .
3821    100             .          .        .          .
3822    250          247.43        .        .          .
3832     34.2           .          .        .          .
3834     90             .          .        .          .
3843    165.598         .          .        .          .
3850      0            1           .        .          .
3854      5             .          .        .          .
3859     65             .          .        .          .
3860      0             .          .        .          .
3861      0             .          .        .          .
3866      1             .          .        .          .
3878    183.443         .          .        .          .
3884    129             .          .        .          .
3885    129          262.63        .        .          .
3887    129          129           .        .          .
3892      7.39          .          .        .          .
3933      0             .          .        .          .
3935    132.806         .          .        .          .
3938    225             .          .        .          .
3952      0             .          .        .          .
3955      0             .          .        .          .
3958     68             .          .        .          .
3970      0            0           .        .          .
4017      3             .          .        .          .
4035      2            2          2        0         82.2748
4057    124             .          .        .          .
4061      0             .          .        .          .
4063     62.1           .          .        .          .
4065     62.1           .          .        .          .
4067     43.13          .          .        .          .
4068      0             .          .        .          .
4070      6.24          .          .        .          .
4073     43.67          .          .        .          .
4075     90.04          .          .        .          .
4076      9.02999       .          .        .          .
4089     42.77          .          .        .          .
4107     12.4           .          .        .          .
4118    160.82          .          .        .          .
4122    395.31          .          .        .          .
4127    256.25          .          .        .          .
4128    110             .          .        .          .
4129    110          225           .        .          .
4130    255             .          .        .          .
4131    250             .          .        .          .
4136    129          268.75        .        .          .
4141    110.05          .          .        .          .
4150     15           77           .        .          .
4164    135             .          .        .          .
4197      5.47          .          .        .          .
4199      0             .          .        .          .
4201    362.75          .          .        .          .
4202      0             .          .        .          .
4203    180             .          .        .          .
4205      0             .          .        .          .
4206    358.55          .          .        .          .
4207    358.55          .          .        .          .
4208      0             .          .        .          .
4209      0             .          .        .          .
4211   1356.89          .          .        .          .
4212      0             .          .        .          .
4213    400.432         .          .        .          .
4214      0             .          .        .          .
4216    404.91          .          .        .          .
4217    148.883         .          .        .          .
4219      0             .          .        .          .
4220      0             .          .        .          .
4222    405.93          .          .        .          .
4224      0             .          .        .          .
4226    407.65          .          .        .          .
4227    125.585         .          .        .          .
4229    337.5           .          .        .          .
4230    168.75          .          .        .          .
4232      0             .          .        .          .
4234    409.32          .          .        .          .
4236    335.57          .          .        .          .
4238      0             .          .        .          .
4240    420.58          .          .        .          .
4241    420.56          .          .        .          .
4242    420.63          .          .        .          .
4243      0             .          .        .          .
4245    418             .          .        .          .
4246      0             .          .        .          .
4248    290.14          .          .        .          .
4249    420.5           .          .        .          .
4251    421.26          .          .        .          .
4252    420.31          .          .        .          .
4254    419.87          .          .        .          .
4255    419.87          .          .        .          .
4257      0             .          .        .          .
4258    367.5           .          .        .          .
4259    367.5           .          .        .          .
4260    367.5           .          .        .          .
4262    408.06          .          .        .          .
4263    408.06          .          .        .          .
4264      0             .          .        .          .
4265    408.06          .          .        .          .
4267    257.257         .          .        .          .
4268    373.5           .          .        .          .
4269    375             .          .        .          .
4271    411.72          .          .        .          .
4272      0             .          .        .          .
4274    131.25          .          .        .          .
4275      0             .          .        .          .
4276    131.25          .          .        .          .
4308    516.03          .          .        .          .
4320   1199.83          .          .        .          .
4321    731.92          .          .        .          .
4341    624             .          .        .          .
4540    193.34          .          .        .          .
4541    129.13          .          .        .          .
4544     76.88          .          .        .          .
4545      0             .          .        .          .
4546     76.88          .          .        .          .
4547     76.88          .          .        .          .
4548    120             .          .        .          .
4560    140          262.5         .        .          .
4561    445          251.062       .        .          .
4570      6.86          .          .        .          .
4571      0             .          .        .          .
4573     10.68          .          .        .          .
4581     70             .          .        .          .
4582     80             .          .        .          .
4590      3.56          .          .        .          .
4599      0             .          .        .          .
4600      0             .          .        .          .
4601      0             .          .        .          .
4621      5.63          .          .        .          .
4635     24.91          .          .        .          .
4649    132.774         .          .        .          .
4661      0          281.3         .        .          .
;


case13659_pegase.dat, line 4 (offset 84395):
	duplicate member (9689,11001,1) for set LINES
context:  , (535,11908,1), (11908,535,1), (535,140,1), (140,535,1), (7945,1076,1), (1076,7945,1), (7945,12534,1), (12534,7945,1), (9005,892,1), (892,9005,1), (9005,1766,1), (1766,9005,1), (12416,8601,1), (8601,12416,1), (12416,10021,1), (10021,12416,1), (9221,8601,1), (8601,9221,1), (9221,10021,1), (10021,9221,1), (8515,2315,1), (2315,8515,1), (6403,6614,1), (6614,6403,1), (6403,9117,1), (9117,6403,1), (9514,6056,1), (6056,9514,1), (9514,7101,1), (7101,9514,1), (1452,6056,1), (6056,1452,1), (1452,7101,1), (7101,1452,1), (5682,5452,1), (5452,5682,1), (5682,11733,1), (11733,5682,1), (4825,2456,1), (2456,4825,1), (4825,11561,1), (11561,4825,1), (13359,326,1), (326,13359,1), (13359,12737,1), (12737,13359,1), (624,11012,1), (11012,624,1), (624,8261,1), (8261,624,1), (7026,7780,1), (7780,7026,1), (7026,6366,1), (6366,7026,1), (4755,4357,1), (4357,4755,1), (4755,3462,1), (3462,4755,1), (10662,5711,1), (5711,10662,1), (10662,7437,1), (7437,10662,1), (7214,4357,1), (4357,7214,1), (7214,6268,1), (6268,7214,1), (8164,5711,1), (5711,8164,1), (8164,8677,1), (8677,8164,1), (12629,4357,1), (4357,12629,1), (12629,4831,1), (4831,12629,1), (7840,4357,1), (4357,7840,1), (7840,4831,1), (4831,7840,1), (11317,5711,1), (5711,11317,1), (11317,11518,1), (11518,11317,1), (3240,5711,1), (5711,3240,1), (3240,11518,1), (11518,3240,1), (1135,5711,1), (5711,1135,1), (1135,7516,1), (7516,1135,1), (2781,5711,1), (5711,2781,1), (2781,7516,1), (7516,2781,1), (6505,5711,1), (5711,6505,1), (6505,7516,1), (7516,6505,1), (12092,5711,1), (5711,12092,1), (12092,5740,1), (5740,12092,1), (2757,11750,1), (11750,2757,1), (2757,10922,1), (10922,2757,1), (5460,404,1), (404,5460,1), (5460,13262,1), (13262,5460,1), (7572,3427,1), (3427,7572,1), (7572,9194,1), (9194,7572,1), (11268,11750,1), (11750,11268,1), (11268,3389,1), (3389,11268,1), (7272,3049,1), (3049,7272,1), (7272,2493,1), (2493,7272,1), (11286,3049,1), (3049,11286,1), (11286,2409,1), (2409,11286,1), (6560,6485,1), (6485,6560,1), (6560,12261,1), (12261,6560,1), (13149,2024,1), (2024,13149,1), (13149,13575,1), (13575,13149,1), (9609,249,1), (249,9609,1), (9609,8612,1), (8612,9609,1), (12837,249,1), (249,12837,1), (12837,8612,1), (8612,12837,1), (11653,10180,1), (10180,11653,1), (11653,10180,2), (10180,11653,2), (111,1302,1), (1302,111,1), (111,2235,1), (2235,111,1), (6531,5081,1), (5081,6531,1), (10859,5081,1), (5081,10859,1), (5081,7553,1), (7553,5081,1), (8666,8494,1), (8494,8666,1), (11001,9689,1), (9689,11001,1), (9689,11001,1 >>> ) <<< , (11001,9689,1), (6310,3549,1), (3549,6310,1), (7106,6310,1), (6310,7106,1), (10458,2358,1), (2358,10458,1), (10458,2358,2), (2358,10458,2), (2358,11001,1), (11001,2358,1), (2358,11001,2), (11001,2358,2), (2358,8780,1), (8780,2358,1), (1302,6531,1), (6531,1302,1), (3549,8241,1), (8241,3549,1), (3549,8241,2), (8241,3549,2), (3549,2972,1), (2972,3549,1), (8720,3549,1), (3549,8720,1), (8720,3549,2), (3549,8720,2), (2421,10458,1), (10458,2421,1), (10458,5586,1), (5586,10458,1), (12153,10717,1), (10717,12153,1), (2209,12153,1), (12153,2209,1), (12153,850,1), (850,12153,1), (11653,2972,1), (2972,11653,1), (11653,8698,1), (8698,11653,1), (10859,13562,1), (13562,10859,1), (10859,3783,1), (3783,10859,1), (10859,3783,2), (3783,10859,2), (10859,1184,1), (1184,10859,1), (10859,1302,1), (1302,10859,1), (7106,10559,1), (10559,7106,1), (7106,8720,1), (8720,7106,1), (12213,8666,1), (8666,12213,1), (2530,12344,1), (12344,2530,1), (6827,2530,1), (2530,6827,1), (5477,2421,1), (2421,5477,1), (13562,2235,1), (2235,13562,1), (8780,13068,1), (13068,8780,1), (4150,7553,1), (7553,4150,1), (13157,4150,1), (4150,13157,1), (9286,12283,1), (12283,9286,1), (6779,9286,1), (9286,6779,1), (6672,2361,1), (2361,6672,1), (6779,6672,1), (6672,6779,1), (12283,11915,1), (11915,12283,1), (12283,11915,2), (11915,12283,2), (2209,5117,1), (5117,2209,1), (10559,414,1), (414,10559,1), (10559,414,2), (414,10559,2), (414,8698,1), (8698,414,1), (8720,414,1), (414,8720,1), (10560,3783,1), (3783,10560,1), (6348,10560,1), (10560,6348,1), (10559,119,1), (119,10559,1), (1076,119,1), (119,1076,1), (12344,4935,1), (4935,12344,1), (3658,4935,1), (

case13659_pegase.dat, line 4 (offset 84411):
	duplicate member (11001,9689,1) for set LINES
context:  , (535,11908,1), (11908,535,1), (535,140,1), (140,535,1), (7945,1076,1), (1076,7945,1), (7945,12534,1), (12534,7945,1), (9005,892,1), (892,9005,1), (9005,1766,1), (1766,9005,1), (12416,8601,1), (8601,12416,1), (12416,10021,1), (10021,12416,1), (9221,8601,1), (8601,9221,1), (9221,10021,1), (10021,9221,1), (8515,2315,1), (2315,8515,1), (6403,6614,1), (6614,6403,1), (6403,9117,1), (9117,6403,1), (9514,6056,1), (6056,9514,1), (9514,7101,1), (7101,9514,1), (1452,6056,1), (6056,1452,1), (1452,7101,1), (7101,1452,1), (5682,5452,1), (5452,5682,1), (5682,11733,1), (11733,5682,1), (4825,2456,1), (2456,4825,1), (4825,11561,1), (11561,4825,1), (13359,326,1), (326,13359,1), (13359,12737,1), (12737,13359,1), (624,11012,1), (11012,624,1), (624,8261,1), (8261,624,1), (7026,7780,1), (7780,7026,1), (7026,6366,1), (6366,7026,1), (4755,4357,1), (4357,4755,1), (4755,3462,1), (3462,4755,1), (10662,5711,1), (5711,10662,1), (10662,7437,1), (7437,10662,1), (7214,4357,1), (4357,7214,1), (7214,6268,1), (6268,7214,1), (8164,5711,1), (5711,8164,1), (8164,8677,1), (8677,8164,1), (12629,4357,1), (4357,12629,1), (12629,4831,1), (4831,12629,1), (7840,4357,1), (4357,7840,1), (7840,4831,1), (4831,7840,1), (11317,5711,1), (5711,11317,1), (11317,11518,1), (11518,11317,1), (3240,5711,1), (5711,3240,1), (3240,11518,1), (11518,3240,1), (1135,5711,1), (5711,1135,1), (1135,7516,1), (7516,1135,1), (2781,5711,1), (5711,2781,1), (2781,7516,1), (7516,2781,1), (6505,5711,1), (5711,6505,1), (6505,7516,1), (7516,6505,1), (12092,5711,1), (5711,12092,1), (12092,5740,1), (5740,12092,1), (2757,11750,1), (11750,2757,1), (2757,10922,1), (10922,2757,1), (5460,404,1), (404,5460,1), (5460,13262,1), (13262,5460,1), (7572,3427,1), (3427,7572,1), (7572,9194,1), (9194,7572,1), (11268,11750,1), (11750,11268,1), (11268,3389,1), (3389,11268,1), (7272,3049,1), (3049,7272,1), (7272,2493,1), (2493,7272,1), (11286,3049,1), (3049,11286,1), (11286,2409,1), (2409,11286,1), (6560,6485,1), (6485,6560,1), (6560,12261,1), (12261,6560,1), (13149,2024,1), (2024,13149,1), (13149,13575,1), (13575,13149,1), (9609,249,1), (249,9609,1), (9609,8612,1), (8612,9609,1), (12837,249,1), (249,12837,1), (12837,8612,1), (8612,12837,1), (11653,10180,1), (10180,11653,1), (11653,10180,2), (10180,11653,2), (111,1302,1), (1302,111,1), (111,2235,1), (2235,111,1), (6531,5081,1), (5081,6531,1), (10859,5081,1), (5081,10859,1), (5081,7553,1), (7553,5081,1), (8666,8494,1), (8494,8666,1), (11001,9689,1), (9689,11001,1), (9689,11001,1), (11001,9689,1 >>> ) <<< , (6310,3549,1), (3549,6310,1), (7106,6310,1), (6310,7106,1), (10458,2358,1), (2358,10458,1), (10458,2358,2), (2358,10458,2), (2358,11001,1), (11001,2358,1), (2358,11001,2), (11001,2358,2), (2358,8780,1), (8780,2358,1), (1302,6531,1), (6531,1302,1), (3549,8241,1), (8241,3549,1), (3549,8241,2), (8241,3549,2), (3549,2972,1), (2972,3549,1), (8720,3549,1), (3549,8720,1), (8720,3549,2), (3549,8720,2), (2421,10458,1), (10458,2421,1), (10458,5586,1), (5586,10458,1), (12153,10717,1), (10717,12153,1), (2209,12153,1), (12153,2209,1), (12153,850,1), (850,12153,1), (11653,2972,1), (2972,11653,1), (11653,8698,1), (8698,11653,1), (10859,13562,1), (13562,10859,1), (10859,3783,1), (3783,10859,1), (10859,3783,2), (3783,10859,2), (10859,1184,1), (1184,10859,1), (10859,1302,1), (1302,10859,1), (7106,10559,1), (10559,7106,1), (7106,8720,1), (8720,7106,1), (12213,8666,1), (8666,12213,1), (2530,12344,1), (12344,2530,1), (6827,2530,1), (2530,6827,1), (5477,2421,1), (2421,5477,1), (13562,2235,1), (2235,13562,1), (8780,13068,1), (13068,8780,1), (4150,7553,1), (7553,4150,1), (13157,4150,1), (4150,13157,1), (9286,12283,1), (12283,9286,1), (6779,9286,1), (9286,6779,1), (6672,2361,1), (2361,6672,1), (6779,6672,1), (6672,6779,1), (12283,11915,1), (11915,12283,1), (12283,11915,2), (11915,12283,2), (2209,5117,1), (5117,2209,1), (10559,414,1), (414,10559,1), (10559,414,2), (414,10559,2), (414,8698,1), (8698,414,1), (8720,414,1), (414,8720,1), (10560,3783,1), (3783,10560,1), (6348,10560,1), (10560,6348,1), (10559,119,1), (119,10559,1), (1076,119,1), (119,1076,1), (12344,4935,1), (4935,12344,1), (3658,4935,1), (

case13659_pegase.dat, line 4 (offset 123400):
	duplicate member (9418,6503,1) for set LINES
context:  (8505,10574,1), (10574,8505,1), (8505,13000,1), (13000,8505,1), (2736,5841,1), (5841,2736,1), (5006,4525,1), (4525,5006,1), (8108,852,1), (852,8108,1), (4782,322,1), (322,4782,1), (3568,4210,1), (4210,3568,1), (3568,852,1), (852,3568,1), (3568,1527,1), (1527,3568,1), (1939,6173,1), (6173,1939,1), (9543,6185,1), (6185,9543,1), (4210,4525,1), (4525,4210,1), (192,10574,1), (10574,192,1), (8399,9469,1), (9469,8399,1), (8399,9469,2), (9469,8399,2), (9469,5841,1), (5841,9469,1), (6503,9418,1), (9418,6503,1), (9418,6503,1 >>> ) <<< , (6503,9418,1), (11661,6129,1), (6129,11661,1), (11661,6129,2), (6129,11661,2), (10574,7152,1), (7152,10574,1), (10574,7152,2), (7152,10574,2), (10574,5501,1), (5501,10574,1), (6375,10934,1), (10934,6375,1), (6375,7621,1), (7621,6375,1), (11335,2030,1), (2030,11335,1), (11335,3427,1), (3427,11335,1), (2030,11016,1), (11016,2030,1), (4525,527,1), (527,4525,1), (4525,9022,1), (9022,4525,1), (4975,7152,1), (7152,4975,1), (7152,3222,1), (3222,7152,1), (7152,7036,1), (7036,7152,1), (1527,1160,1), (1160,1527,1), (8693,4269,1), (4269,8693,1), (6185,3670,1), (3670,6185,1), (4831,4399,1), (4399,4831,1), (4831,4269,1), (4269,4831,1), (3222,9267,1), (9267,3222,1), (11596,3267,1), (3267,11596,1), (8422,3243,1), (3243,8422,1), (6000,4269,1), (4269,6000,1), (7078,1638,1), (1638,7078,1), (6129,10127,1), (10127,6129,1), (6129,4468,1), (4468,6129,1), (11417,9956,1), (9956,11417,1), (11016,9956,1), (9956,11016,1), (11016,3427,1), (3427,11016,1), (3267,4468,1), (4468,3267,1), (2857,1001,1), (1001,2857,1), (966,566,1), (566,966,1), (966,566,2), (566,966,2), (4399,2362,1), (2362,4399,1), (3110,1042,1), (1042,3110,1), (3110,1788,1), (1788,3110,1), (566,7646,1), (7646,566,1), (1042,1788,1), (1788,1042,1), (1992,2073,1), (2073,1992,1), (341,4516,1), (4516,341,1), (10127,8601,1), (8601,10127,1), (9022,13000,1), (13000,9022,1), (2073,3427,1), (3427,2073,1), (3427,2290,1), (2290,3427,1), (1032,11688,1), (11688,1032,1), (8878,13384,1), (13384,8878,1), (8878,13619,1), (13619,8878,1), (8878,553,1), (553,8878,1), (13384,10332,1), (10332,13384,1), (13384,759,1), (759,13384,1), (8895,12621,1), (12621,8895,1), (8895,8762,1), (8762,8895,1), (1854,5027,1), (5027,1854,1), (1854,8750,1), (8750,1854,1), (1854,10774,1), (10774,1854,1), (10332,11703,1), (11703,10332,1), (11703,4797,1), (4797,11703,1), (11703,6154,1), (6154,11703,1), (204,8187,1), (8187,204,1), (8187,6169,1), (6169,8187,1), (553,5588,1), (5588,553,1), (12621,4921,1), (4921,12621,1), (10332,3538,1), (3538,10332,1), (10332,553,1), (553,10332,1), (8762,9318,1), (9318,8762,1), (8762,9318,2), (9318,8762,2), (8762,5288,1), (5288,8762,1), (8762,10391,1), (10391,8762,1), (8762,4921,1), (4921,8762,1), (10398,4797,1), (4797,10398,1), (10398,4797,2), (4797,10398,2), (10398,8750,1), (8750,10398,1), (3538,5767,1), (5767,3538,1), (3538,2967,1), (2967,3538,1), (8750,12186,1), (12186,8750,1), (8750,1197,1), (1197,8750,1), (9122,5945,1), (5945,9122,1), (8750,8520,1), (8520,8750,1), (8750,7273,1), (7273,8750,1), (8750,2221,1), (2221,8750,1), (8750,1035,1), (1035,8750,1), (5288,821,1), (821,5288,1), (5288,4951,1), (4951,5288,1), (553,10569,1), (10569,553,1), (553,7880,1), (7880,553,1), (553,11998,1), (11998,553,1), (4802,1729,1), (1729,4802,1), (204,5749,1), (5749,204,1), (204,2952,1), (2952,204,1), (5211,5997,1), (5997,5211,1), (5211,3723,1), (3723,5211,1), (4797,4280,1), (4280,4797,1), (4797,1634,1), (1634,4797,1), (5211,2938,1), (2938,5211,1), (4802,6463,1), (6463,4802,1), (4802,2293,1), (2293,4802,1), (5027,4802,1), (4802,5027,1), (4802,8574,1), (8574,4802,1), (4802,553,1), (553,4802,1), (436,5211,1), (5211,436,1), (436,10221,1), (10221,436,1), (436,5211,2), (5211,436,2), (436,4921,1), (4921,436,1), (204,6154,1), (6154,204,1), (3374,9122,1), (9122,3374,1), (3374,11688,1), (11688,3374,1), (4797,6169,1), (6169,4797,1), (4797,6154,1), (6154,4797,1), (9122,759,1), (759,9122,1), (9122,12785,1), (12785,9122,1), (9122,3538,1), (3538,9122,1), (7738,4872,1), (4872,7738,1), (7738,4872,2), (4872,7738,2), (5288,291,1), (291,5288,1), (5288,7312,1), (7312,5288,1), (11688,12785,1), (12785,11688,1), (10391,3721,1)

case13659_pegase.dat, line 4 (offset 123415):
	duplicate member (6503,9418,1) for set LINES
context:  (8505,10574,1), (10574,8505,1), (8505,13000,1), (13000,8505,1), (2736,5841,1), (5841,2736,1), (5006,4525,1), (4525,5006,1), (8108,852,1), (852,8108,1), (4782,322,1), (322,4782,1), (3568,4210,1), (4210,3568,1), (3568,852,1), (852,3568,1), (3568,1527,1), (1527,3568,1), (1939,6173,1), (6173,1939,1), (9543,6185,1), (6185,9543,1), (4210,4525,1), (4525,4210,1), (192,10574,1), (10574,192,1), (8399,9469,1), (9469,8399,1), (8399,9469,2), (9469,8399,2), (9469,5841,1), (5841,9469,1), (6503,9418,1), (9418,6503,1), (9418,6503,1), (6503,9418,1 >>> ) <<< , (11661,6129,1), (6129,11661,1), (11661,6129,2), (6129,11661,2), (10574,7152,1), (7152,10574,1), (10574,7152,2), (7152,10574,2), (10574,5501,1), (5501,10574,1), (6375,10934,1), (10934,6375,1), (6375,7621,1), (7621,6375,1), (11335,2030,1), (2030,11335,1), (11335,3427,1), (3427,11335,1), (2030,11016,1), (11016,2030,1), (4525,527,1), (527,4525,1), (4525,9022,1), (9022,4525,1), (4975,7152,1), (7152,4975,1), (7152,3222,1), (3222,7152,1), (7152,7036,1), (7036,7152,1), (1527,1160,1), (1160,1527,1), (8693,4269,1), (4269,8693,1), (6185,3670,1), (3670,6185,1), (4831,4399,1), (4399,4831,1), (4831,4269,1), (4269,4831,1), (3222,9267,1), (9267,3222,1), (11596,3267,1), (3267,11596,1), (8422,3243,1), (3243,8422,1), (6000,4269,1), (4269,6000,1), (7078,1638,1), (1638,7078,1), (6129,10127,1), (10127,6129,1), (6129,4468,1), (4468,6129,1), (11417,9956,1), (9956,11417,1), (11016,9956,1), (9956,11016,1), (11016,3427,1), (3427,11016,1), (3267,4468,1), (4468,3267,1), (2857,1001,1), (1001,2857,1), (966,566,1), (566,966,1), (966,566,2), (566,966,2), (4399,2362,1), (2362,4399,1), (3110,1042,1), (1042,3110,1), (3110,1788,1), (1788,3110,1), (566,7646,1), (7646,566,1), (1042,1788,1), (1788,1042,1), (1992,2073,1), (2073,1992,1), (341,4516,1), (4516,341,1), (10127,8601,1), (8601,10127,1), (9022,13000,1), (13000,9022,1), (2073,3427,1), (3427,2073,1), (3427,2290,1), (2290,3427,1), (1032,11688,1), (11688,1032,1), (8878,13384,1), (13384,8878,1), (8878,13619,1), (13619,8878,1), (8878,553,1), (553,8878,1), (13384,10332,1), (10332,13384,1), (13384,759,1), (759,13384,1), (8895,12621,1), (12621,8895,1), (8895,8762,1), (8762,8895,1), (1854,5027,1), (5027,1854,1), (1854,8750,1), (8750,1854,1), (1854,10774,1), (10774,1854,1), (10332,11703,1), (11703,10332,1), (11703,4797,1), (4797,11703,1), (11703,6154,1), (6154,11703,1), (204,8187,1), (8187,204,1), (8187,6169,1), (6169,8187,1), (553,5588,1), (5588,553,1), (12621,4921,1), (4921,12621,1), (10332,3538,1), (3538,10332,1), (10332,553,1), (553,10332,1), (8762,9318,1), (9318,8762,1), (8762,9318,2), (9318,8762,2), (8762,5288,1), (5288,8762,1), (8762,10391,1), (10391,8762,1), (8762,4921,1), (4921,8762,1), (10398,4797,1), (4797,10398,1), (10398,4797,2), (4797,10398,2), (10398,8750,1), (8750,10398,1), (3538,5767,1), (5767,3538,1), (3538,2967,1), (2967,3538,1), (8750,12186,1), (12186,8750,1), (8750,1197,1), (1197,8750,1), (9122,5945,1), (5945,9122,1), (8750,8520,1), (8520,8750,1), (8750,7273,1), (7273,8750,1), (8750,2221,1), (2221,8750,1), (8750,1035,1), (1035,8750,1), (5288,821,1), (821,5288,1), (5288,4951,1), (4951,5288,1), (553,10569,1), (10569,553,1), (553,7880,1), (7880,553,1), (553,11998,1), (11998,553,1), (4802,1729,1), (1729,4802,1), (204,5749,1), (5749,204,1), (204,2952,1), (2952,204,1), (5211,5997,1), (5997,5211,1), (5211,3723,1), (3723,5211,1), (4797,4280,1), (4280,4797,1), (4797,1634,1), (1634,4797,1), (5211,2938,1), (2938,5211,1), (4802,6463,1), (6463,4802,1), (4802,2293,1), (2293,4802,1), (5027,4802,1), (4802,5027,1), (4802,8574,1), (8574,4802,1), (4802,553,1), (553,4802,1), (436,5211,1), (5211,436,1), (436,10221,1), (10221,436,1), (436,5211,2), (5211,436,2), (436,4921,1), (4921,436,1), (204,6154,1), (6154,204,1), (3374,9122,1), (9122,3374,1), (3374,11688,1), (11688,3374,1), (4797,6169,1), (6169,4797,1), (4797,6154,1), (6154,4797,1), (9122,759,1), (759,9122,1), (9122,12785,1), (12785,9122,1), (9122,3538,1), (3538,9122,1), (7738,4872,1), (4872,7738,1), (7738,4872,2), (4872,7738,2), (5288,291,1), (291,5288,1), (5288,7312,1), (7312,5288,1), (11688,12785,1), (12785,11688,1), (10391,3721,1)

case13659_pegase.dat, line 4 (offset 164636):
	duplicate member (7805,8694,1) for set LINES
context:  , (6916,1177,1), (1177,6916,1), (487,6804,1), (6804,487,1), (4172,6804,1), (6804,4172,1), (2314,5524,1), (5524,2314,1), (2314,6301,1), (6301,2314,1), (2314,12360,1), (12360,2314,1), (2314,12360,2), (12360,2314,2), (2314,13555,1), (13555,2314,1), (10358,11151,1), (11151,10358,1), (5524,3085,1), (3085,5524,1), (5524,13555,1), (13555,5524,1), (10358,6207,1), (6207,10358,1), (12064,7805,1), (7805,12064,1), (12064,7805,2), (7805,12064,2), (4740,12064,1), (12064,4740,1), (12064,7244,1), (7244,12064,1), (12064,7244,2), (7244,12064,2), (12064,13259,1), (13259,12064,1), (12064,7096,1), (7096,12064,1), (12064,8694,1), (8694,12064,1), (8694,7805,1), (7805,8694,1), (7805,7244,1), (7244,7805,1), (7805,7244,2), (7244,7805,2), (7805,13259,1), (13259,7805,1), (7805,7096,1), (7096,7805,1), (7805,8694,1 >>> ) <<< , (8694,7805,1), (10503,11644,1), (11644,10503,1), (5633,1025,1), (1025,5633,1), (5633,3417,1), (3417,5633,1), (5633,11636,1), (11636,5633,1), (5633,11636,2), (11636,5633,2), (5633,2948,1), (2948,5633,1), (5633,10879,1), (10879,5633,1), (5633,9048,1), (9048,5633,1), (5633,9048,2), (9048,5633,2), (11698,949,1), (949,11698,1), (11698,4819,1), (4819,11698,1), (1025,3417,1), (3417,1025,1), (1025,3417,2), (3417,1025,2), (2265,1025,1), (1025,2265,1), (1025,11636,1), (11636,1025,1), (1025,2948,1), (2948,1025,1), (1025,11644,1), (11644,1025,1), (1025,10879,1), (10879,1025,1), (13259,1025,1), (1025,13259,1), (9048,1025,1), (1025,9048,1), (1432,11698,1), (11698,1432,1), (3636,11698,1), (11698,3636,1), (4328,3417,1), (3417,4328,1), (1691,3417,1), (3417,1691,1), (3417,11636,1), (11636,3417,1), (3417,11636,2), (11636,3417,2), (3417,2948,1), (2948,3417,1), (3417,10879,1), (10879,3417,1), (4172,3417,1), (3417,4172,1), (9048,3417,1), (3417,9048,1), (2354,6180,1), (6180,2354,1), (2948,9744,1), (9744,2948,1), (7892,5412,1), (5412,7892,1), (7892,5412,2), (5412,7892,2), (6108,7892,1), (7892,6108,1), (6108,7892,2), (7892,6108,2), (4839,7892,1), (7892,4839,1), (13476,7892,1), (7892,13476,1), (6108,5412,1), (5412,6108,1), (4839,5412,1), (5412,4839,1), (13476,5412,1), (5412,13476,1), (5412,6046,1), (6046,5412,1), (6301,3085,1), (3085,6301,1), (3817,6301,1), (6301,3817,1), (3817,6301,2), (6301,3817,2), (6301,7035,1), (7035,6301,1), (6301,11123,1), (11123,6301,1), (3817,3085,1), (3085,3817,1), (3085,7035,1), (7035,3085,1), (3085,11123,1), (11123,3085,1), (12733,3576,1), (3576,12733,1), (12733,2600,1), (2600,12733,1), (3576,13196,1), (13196,3576,1), (2354,7451,1), (7451,2354,1), (2354,2265,1), (2265,2354,1), (2354,2265,2), (2265,2354,2), (2354,2843,1), (2843,2354,1), (12109,2354,1), (2354,12109,1), (2393,949,1), (949,2393,1), (2393,5190,1), (5190,2393,1), (3742,5190,1), (5190,3742,1), (5633,11636,3), (11636,5633,3), (5633,10879,2), (10879,5633,2), (6108,4839,1), (4839,6108,1), (6108,4839,2), (4839,6108,2), (6108,13476,1), (13476,6108,1), (4839,13476,1), (13476,4839,1), (8836,4839,1), (4839,8836,1), (13171,4839,1), (4839,13171,1), (7451,2265,1), (2265,7451,1), (7451,2265,2), (2265,7451,2), (7451,2843,1), (2843,7451,1), (12109,7451,1), (7451,12109,1), (12109,2265,1), (2265,12109,1), (12566,13196,1), (13196,12566,1), (12566,4819,1), (4819,12566,1), (3038,10308,1), (10308,3038,1), (3038,13436,1), (13436,3038,1), (1611,3038,1), (3038,1611,1), (10308,13436,1), (13436,10308,1), (13259,9898,1), (9898,13259,1), (4172,1620,1), (1620,4172,1), (11636,2948,1), (2948,11636,1), (11636,2948,2), (2948,11636,2), (11636,10879,1), (10879,11636,1), (9048,11636,1), (11636,9048,1), (2948,10879,1), (10879,2948,1), (9048,2948,1), (2948,9048,1), (1131,7035,1), (7035,1131,1), (7341,1131,1), (1131,7341,1), (10504,1131,1), (1131,10504,1), (7609,1131,1), (1131,7609,1), (4740,6207,1), (6207,4740,1), (1340,6207,1), (6207,1340,1), (8777,1910,1), (1910,8777,1), (1688,1910,1), (1910,1688,1), (1910,11123,1), (11123,1910,1), (2620,11151,1), (11151,2620,1), (1611,7275,1), (7275,1611,1), (12360,7275,1), (7275,12360,1), (13476,9156,1), (9156,13476,1), (6114,7096,1), (7096,6114,1), (4740,9661,1), (9661,4740,1), (9156,9499,1), (9499,9156,1), (9156,9499,2), (9499,9156,2), (9194,12202,1), (12202,9194,1), (919

case13659_pegase.dat, line 4 (offset 164651):
	duplicate member (8694,7805,1) for set LINES
context:  , (6916,1177,1), (1177,6916,1), (487,6804,1), (6804,487,1), (4172,6804,1), (6804,4172,1), (2314,5524,1), (5524,2314,1), (2314,6301,1), (6301,2314,1), (2314,12360,1), (12360,2314,1), (2314,12360,2), (12360,2314,2), (2314,13555,1), (13555,2314,1), (10358,11151,1), (11151,10358,1), (5524,3085,1), (3085,5524,1), (5524,13555,1), (13555,5524,1), (10358,6207,1), (6207,10358,1), (12064,7805,1), (7805,12064,1), (12064,7805,2), (7805,12064,2), (4740,12064,1), (12064,4740,1), (12064,7244,1), (7244,12064,1), (12064,7244,2), (7244,12064,2), (12064,13259,1), (13259,12064,1), (12064,7096,1), (7096,12064,1), (12064,8694,1), (8694,12064,1), (8694,7805,1), (7805,8694,1), (7805,7244,1), (7244,7805,1), (7805,7244,2), (7244,7805,2), (7805,13259,1), (13259,7805,1), (7805,7096,1), (7096,7805,1), (7805,8694,1), (8694,7805,1 >>> ) <<< , (10503,11644,1), (11644,10503,1), (5633,1025,1), (1025,5633,1), (5633,3417,1), (3417,5633,1), (5633,11636,1), (11636,5633,1), (5633,11636,2), (11636,5633,2), (5633,2948,1), (2948,5633,1), (5633,10879,1), (10879,5633,1), (5633,9048,1), (9048,5633,1), (5633,9048,2), (9048,5633,2), (11698,949,1), (949,11698,1), (11698,4819,1), (4819,11698,1), (1025,3417,1), (3417,1025,1), (1025,3417,2), (3417,1025,2), (2265,1025,1), (1025,2265,1), (1025,11636,1), (11636,1025,1), (1025,2948,1), (2948,1025,1), (1025,11644,1), (11644,1025,1), (1025,10879,1), (10879,1025,1), (13259,1025,1), (1025,13259,1), (9048,1025,1), (1025,9048,1), (1432,11698,1), (11698,1432,1), (3636,11698,1), (11698,3636,1), (4328,3417,1), (3417,4328,1), (1691,3417,1), (3417,1691,1), (3417,11636,1), (11636,3417,1), (3417,11636,2), (11636,3417,2), (3417,2948,1), (2948,3417,1), (3417,10879,1), (10879,3417,1), (4172,3417,1), (3417,4172,1), (9048,3417,1), (3417,9048,1), (2354,6180,1), (6180,2354,1), (2948,9744,1), (9744,2948,1), (7892,5412,1), (5412,7892,1), (7892,5412,2), (5412,7892,2), (6108,7892,1), (7892,6108,1), (6108,7892,2), (7892,6108,2), (4839,7892,1), (7892,4839,1), (13476,7892,1), (7892,13476,1), (6108,5412,1), (5412,6108,1), (4839,5412,1), (5412,4839,1), (13476,5412,1), (5412,13476,1), (5412,6046,1), (6046,5412,1), (6301,3085,1), (3085,6301,1), (3817,6301,1), (6301,3817,1), (3817,6301,2), (6301,3817,2), (6301,7035,1), (7035,6301,1), (6301,11123,1), (11123,6301,1), (3817,3085,1), (3085,3817,1), (3085,7035,1), (7035,3085,1), (3085,11123,1), (11123,3085,1), (12733,3576,1), (3576,12733,1), (12733,2600,1), (2600,12733,1), (3576,13196,1), (13196,3576,1), (2354,7451,1), (7451,2354,1), (2354,2265,1), (2265,2354,1), (2354,2265,2), (2265,2354,2), (2354,2843,1), (2843,2354,1), (12109,2354,1), (2354,12109,1), (2393,949,1), (949,2393,1), (2393,5190,1), (5190,2393,1), (3742,5190,1), (5190,3742,1), (5633,11636,3), (11636,5633,3), (5633,10879,2), (10879,5633,2), (6108,4839,1), (4839,6108,1), (6108,4839,2), (4839,6108,2), (6108,13476,1), (13476,6108,1), (4839,13476,1), (13476,4839,1), (8836,4839,1), (4839,8836,1), (13171,4839,1), (4839,13171,1), (7451,2265,1), (2265,7451,1), (7451,2265,2), (2265,7451,2), (7451,2843,1), (2843,7451,1), (12109,7451,1), (7451,12109,1), (12109,2265,1), (2265,12109,1), (12566,13196,1), (13196,12566,1), (12566,4819,1), (4819,12566,1), (3038,10308,1), (10308,3038,1), (3038,13436,1), (13436,3038,1), (1611,3038,1), (3038,1611,1), (10308,13436,1), (13436,10308,1), (13259,9898,1), (9898,13259,1), (4172,1620,1), (1620,4172,1), (11636,2948,1), (2948,11636,1), (11636,2948,2), (2948,11636,2), (11636,10879,1), (10879,11636,1), (9048,11636,1), (11636,9048,1), (2948,10879,1), (10879,2948,1), (9048,2948,1), (2948,9048,1), (1131,7035,1), (7035,1131,1), (7341,1131,1), (1131,7341,1), (10504,1131,1), (1131,10504,1), (7609,1131,1), (1131,7609,1), (4740,6207,1), (6207,4740,1), (1340,6207,1), (6207,1340,1), (8777,1910,1), (1910,8777,1), (1688,1910,1), (1910,1688,1), (1910,11123,1), (11123,1910,1), (2620,11151,1), (11151,2620,1), (1611,7275,1), (7275,1611,1), (12360,7275,1), (7275,12360,1), (13476,9156,1), (9156,13476,1), (6114,7096,1), (7096,6114,1), (4740,9661,1), (9661,4740,1), (9156,9499,1), (9499,9156,1), (9156,9499,2), (9499,9156,2), (9194,12202,1), (12202,9194,1), (919

case13659_pegase.dat, line 4 (offset 231534):
	duplicate member (4503,7713,1) for set LINES
context:  (4876,777,1), (777,12577,1), (12577,777,1), (777,7360,1), (7360,777,1), (9505,9663,1), (9663,9505,1), (6829,6900,1), (6900,6829,1), (9731,2959,1), (2959,9731,1), (9731,13295,1), (13295,9731,1), (9731,1756,1), (1756,9731,1), (3807,1157,1), (1157,3807,1), (4803,9858,1), (9858,4803,1), (10856,6460,1), (6460,10856,1), (10856,11738,1), (11738,10856,1), (10856,11738,2), (11738,10856,2), (1443,6555,1), (6555,1443,1), (1443,7353,1), (7353,1443,1), (12754,10711,1), (10711,12754,1), (12754,5903,1), (5903,12754,1), (8489,12754,1), (12754,8489,1), (12754,3132,1), (3132,12754,1), (116,4323,1), (4323,116,1), (11948,6470,1), (6470,11948,1), (41,4865,1), (4865,41,1), (9497,12225,1), (12225,9497,1), (9497,10032,1), (10032,9497,1), (6419,11469,1), (11469,6419,1), (4149,7790,1), (7790,4149,1), (8377,9986,1), (9986,8377,1), (4292,9986,1), (9986,4292,1), (4292,7854,1), (7854,4292,1), (5349,344,1), (344,5349,1), (340,1468,1), (1468,340,1), (2105,10769,1), (10769,2105,1), (10769,7258,1), (7258,10769,1), (5778,1386,1), (1386,5778,1), (5778,6867,1), (6867,5778,1), (5915,7826,1), (7826,5915,1), (11470,5854,1), (5854,11470,1), (11470,5903,1), (5903,11470,1), (5457,11673,1), (11673,5457,1), (5457,11673,2), (11673,5457,2), (5457,4518,1), (4518,5457,1), (5457,4518,2), (4518,5457,2), (6322,7952,1), (7952,6322,1), (2770,6026,1), (6026,2770,1), (5833,1543,1), (1543,5833,1), (5833,1156,1), (1156,5833,1), (5833,6614,1), (6614,5833,1), (8585,5435,1), (5435,8585,1), (12079,4503,1), (4503,12079,1), (12079,4089,1), (4089,12079,1), (5854,5903,1), (5903,5854,1), (2418,5854,1), (5854,2418,1), (2418,5854,2), (5854,2418,2), (2015,5336,1), (5336,2015,1), (3007,2015,1), (2015,3007,1), (4080,4803,1), (4803,4080,1), (2340,7745,1), (7745,2340,1), (4575,9844,1), (9844,4575,1), (4575,7353,1), (7353,4575,1), (9446,401,1), (401,9446,1), (401,6004,1), (6004,401,1), (401,6004,2), (6004,401,2), (2959,6898,1), (6898,2959,1), (7253,2015,1), (2015,7253,1), (3822,2808,1), (2808,3822,1), (3822,11776,1), (11776,3822,1), (10031,8972,1), (8972,10031,1), (6867,6588,1), (6588,6867,1), (6867,6588,2), (6588,6867,2), (6867,1591,1), (1591,6867,1), (7713,4503,1), (4503,7713,1), (4503,7713,1 >>> ) <<< , (7713,4503,1), (245,2537,1), (2537,245,1), (11267,2038,1), (2038,11267,1), (8469,1235,1), (1235,8469,1), (5795,12082,1), (12082,5795,1), (5795,1358,1), (1358,5795,1), (3345,12820,1), (12820,3345,1), (3345,11738,1), (11738,3345,1), (9115,1370,1), (1370,9115,1), (9115,13134,1), (13134,9115,1), (2731,2140,1), (2140,2731,1), (10929,2808,1), (2808,10929,1), (1472,8779,1), (8779,1472,1), (1472,9612,1), (9612,1472,1), (1472,7714,1), (7714,1472,1), (1472,6271,1), (6271,1472,1), (4420,6614,1), (6614,4420,1), (5903,13478,1), (13478,5903,1), (5903,10894,1), (10894,5903,1), (5903,3132,1), (3132,5903,1), (10230,4865,1), (4865,10230,1), (2923,3589,1), (3589,2923,1), (5198,1156,1), (1156,5198,1), (1227,7198,1), (7198,1227,1), (1227,9448,1), (9448,1227,1), (6460,2140,1), (2140,6460,1), (11673,5041,1), (5041,11673,1), (1285,6206,1), (6206,1285,1), (1285,1756,1), (1756,1285,1), (882,7198,1), (7198,882,1), (9448,882,1), (882,9448,1), (6206,3480,1), (3480,6206,1), (3275,3928,1), (3928,3275,1), (13552,6470,1), (6470,13552,1), (7854,9287,1), (9287,7854,1), (3615,7542,1), (7542,3615,1), (7542,5516,1), (5516,7542,1), (3983,1370,1), (1370,3983,1), (3983,1370,2), (1370,3983,2), (7258,7952,1), (7952,7258,1), (1156,12743,1), (12743,1156,1), (9198,6294,1), (6294,9198,1), (12143,6448,1), (6448,12143,1), (12143,6448,2), (6448,12143,2), (11168,650,1), (650,11168,1), (13295,12350,1), (12350,13295,1), (6294,6136,1), (6136,6294,1), (957,11657,1), (11657,957,1), (4876,7360,1), (7360,4876,1), (7996,7714,1), (7714,7996,1), (7996,2034,1), (2034,7996,1), (8986,6271,1), (6271,8986,1), (8986,6271,2), (6271,8986,2), (6829,877,1), (877,6829,1), (4497,1235,1), (1235,4497,1), (4497,1235,2), (1235,4497,2), (5915,1543,1), (1543,5915,1), (3372,12668,1), (12668,3372,1), (2381,5966,1), (5966,2381,1), (6588,11673,1), (11673,6588,1), (11673,9660,1), (9660,11673,1), (9660,2062,1), (2062,9660,1), (3589,11166,1), (11166,3589,1), (2829,13462,1), (13462,2829,

case13659_pegase.dat, line 4 (offset 231549):
	duplicate member (7713,4503,1) for set LINES
context:  (4876,777,1), (777,12577,1), (12577,777,1), (777,7360,1), (7360,777,1), (9505,9663,1), (9663,9505,1), (6829,6900,1), (6900,6829,1), (9731,2959,1), (2959,9731,1), (9731,13295,1), (13295,9731,1), (9731,1756,1), (1756,9731,1), (3807,1157,1), (1157,3807,1), (4803,9858,1), (9858,4803,1), (10856,6460,1), (6460,10856,1), (10856,11738,1), (11738,10856,1), (10856,11738,2), (11738,10856,2), (1443,6555,1), (6555,1443,1), (1443,7353,1), (7353,1443,1), (12754,10711,1), (10711,12754,1), (12754,5903,1), (5903,12754,1), (8489,12754,1), (12754,8489,1), (12754,3132,1), (3132,12754,1), (116,4323,1), (4323,116,1), (11948,6470,1), (6470,11948,1), (41,4865,1), (4865,41,1), (9497,12225,1), (12225,9497,1), (9497,10032,1), (10032,9497,1), (6419,11469,1), (11469,6419,1), (4149,7790,1), (7790,4149,1), (8377,9986,1), (9986,8377,1), (4292,9986,1), (9986,4292,1), (4292,7854,1), (7854,4292,1), (5349,344,1), (344,5349,1), (340,1468,1), (1468,340,1), (2105,10769,1), (10769,2105,1), (10769,7258,1), (7258,10769,1), (5778,1386,1), (1386,5778,1), (5778,6867,1), (6867,5778,1), (5915,7826,1), (7826,5915,1), (11470,5854,1), (5854,11470,1), (11470,5903,1), (5903,11470,1), (5457,11673,1), (11673,5457,1), (5457,11673,2), (11673,5457,2), (5457,4518,1), (4518,5457,1), (5457,4518,2), (4518,5457,2), (6322,7952,1), (7952,6322,1), (2770,6026,1), (6026,2770,1), (5833,1543,1), (1543,5833,1), (5833,1156,1), (1156,5833,1), (5833,6614,1), (6614,5833,1), (8585,5435,1), (5435,8585,1), (12079,4503,1), (4503,12079,1), (12079,4089,1), (4089,12079,1), (5854,5903,1), (5903,5854,1), (2418,5854,1), (5854,2418,1), (2418,5854,2), (5854,2418,2), (2015,5336,1), (5336,2015,1), (3007,2015,1), (2015,3007,1), (4080,4803,1), (4803,4080,1), (2340,7745,1), (7745,2340,1), (4575,9844,1), (9844,4575,1), (4575,7353,1), (7353,4575,1), (9446,401,1), (401,9446,1), (401,6004,1), (6004,401,1), (401,6004,2), (6004,401,2), (2959,6898,1), (6898,2959,1), (7253,2015,1), (2015,7253,1), (3822,2808,1), (2808,3822,1), (3822,11776,1), (11776,3822,1), (10031,8972,1), (8972,10031,1), (6867,6588,1), (6588,6867,1), (6867,6588,2), (6588,6867,2), (6867,1591,1), (1591,6867,1), (7713,4503,1), (4503,7713,1), (4503,7713,1), (7713,4503,1 >>> ) <<< , (245,2537,1), (2537,245,1), (11267,2038,1), (2038,11267,1), (8469,1235,1), (1235,8469,1), (5795,12082,1), (12082,5795,1), (5795,1358,1), (1358,5795,1), (3345,12820,1), (12820,3345,1), (3345,11738,1), (11738,3345,1), (9115,1370,1), (1370,9115,1), (9115,13134,1), (13134,9115,1), (2731,2140,1), (2140,2731,1), (10929,2808,1), (2808,10929,1), (1472,8779,1), (8779,1472,1), (1472,9612,1), (9612,1472,1), (1472,7714,1), (7714,1472,1), (1472,6271,1), (6271,1472,1), (4420,6614,1), (6614,4420,1), (5903,13478,1), (13478,5903,1), (5903,10894,1), (10894,5903,1), (5903,3132,1), (3132,5903,1), (10230,4865,1), (4865,10230,1), (2923,3589,1), (3589,2923,1), (5198,1156,1), (1156,5198,1), (1227,7198,1), (7198,1227,1), (1227,9448,1), (9448,1227,1), (6460,2140,1), (2140,6460,1), (11673,5041,1), (5041,11673,1), (1285,6206,1), (6206,1285,1), (1285,1756,1), (1756,1285,1), (882,7198,1), (7198,882,1), (9448,882,1), (882,9448,1), (6206,3480,1), (3480,6206,1), (3275,3928,1), (3928,3275,1), (13552,6470,1), (6470,13552,1), (7854,9287,1), (9287,7854,1), (3615,7542,1), (7542,3615,1), (7542,5516,1), (5516,7542,1), (3983,1370,1), (1370,3983,1), (3983,1370,2), (1370,3983,2), (7258,7952,1), (7952,7258,1), (1156,12743,1), (12743,1156,1), (9198,6294,1), (6294,9198,1), (12143,6448,1), (6448,12143,1), (12143,6448,2), (6448,12143,2), (11168,650,1), (650,11168,1), (13295,12350,1), (12350,13295,1), (6294,6136,1), (6136,6294,1), (957,11657,1), (11657,957,1), (4876,7360,1), (7360,4876,1), (7996,7714,1), (7714,7996,1), (7996,2034,1), (2034,7996,1), (8986,6271,1), (6271,8986,1), (8986,6271,2), (6271,8986,2), (6829,877,1), (877,6829,1), (4497,1235,1), (1235,4497,1), (4497,1235,2), (1235,4497,2), (5915,1543,1), (1543,5915,1), (3372,12668,1), (12668,3372,1), (2381,5966,1), (5966,2381,1), (6588,11673,1), (11673,6588,1), (11673,9660,1), (9660,11673,1), (9660,2062,1), (2062,9660,1), (3589,11166,1), (11166,3589,1), (2829,13462,1), (13462,2829,

case13659_pegase.dat, line 4 (offset 330213):
	duplicate member (11628,8009,1) for set LINES
context:  , (12257,410,1), (410,12257,1), (12257,410,2), (410,12257,2), (410,9385,1), (9385,410,1), (2751,410,1), (410,2751,1), (4915,5800,1), (5800,4915,1), (7347,5800,1), (5800,7347,1), (5800,8006,1), (8006,5800,1), (9650,5066,1), (5066,9650,1), (7363,9650,1), (9650,7363,1), (2546,5066,1), (5066,2546,1), (3274,13278,1), (13278,3274,1), (8064,3274,1), (3274,8064,1), (12188,723,1), (723,12188,1), (723,4016,1), (4016,723,1), (2720,13255,1), (13255,2720,1), (8009,2720,1), (2720,8009,1), (2720,8553,1), (8553,2720,1), (6439,12663,1), (12663,6439,1), (12663,12107,1), (12107,12663,1), (1067,8828,1), (8828,1067,1), (1067,8828,2), (8828,1067,2), (8828,84,1), (84,8828,1), (8828,84,2), (84,8828,2), (6235,3825,1), (3825,6235,1), (5042,6235,1), (6235,5042,1), (10014,6235,1), (6235,10014,1), (11855,6732,1), (6732,11855,1), (6732,2855,1), (2855,6732,1), (6732,2855,2), (2855,6732,2), (5422,6732,1), (6732,5422,1), (265,6732,1), (6732,265,1), (6732,9134,1), (9134,6732,1), (6732,9420,1), (9420,6732,1), (6439,11855,1), (11855,6439,1), (4035,9154,1), (9154,4035,1), (9154,350,1), (350,9154,1), (4475,8009,1), (8009,4475,1), (4475,2689,1), (2689,4475,1), (30,13610,1), (13610,30,1), (30,1176,1), (1176,30,1), (5042,4984,1), (4984,5042,1), (5042,4984,2), (4984,5042,2), (10014,4984,1), (4984,10014,1), (10014,4984,2), (4984,10014,2), (11857,2244,1), (2244,11857,1), (1051,2244,1), (2244,1051,1), (7959,13610,1), (13610,7959,1), (7959,6720,1), (6720,7959,1), (8553,560,1), (560,8553,1), (560,1279,1), (1279,560,1), (13278,3681,1), (3681,13278,1), (13278,9344,1), (9344,13278,1), (1130,13278,1), (13278,1130,1), (10395,10745,1), (10745,10395,1), (1146,5635,1), (5635,1146,1), (9344,1146,1), (1146,9344,1), (1146,10014,1), (10014,1146,1), (13537,1861,1), (1861,13537,1), (604,1861,1), (1861,604,1), (11857,1861,1), (1861,11857,1), (12257,664,1), (664,12257,1), (7347,10824,1), (10824,7347,1), (7347,10824,2), (10824,7347,2), (3780,11841,1), (11841,3780,1), (11628,8625,1), (8625,11628,1), (5638,8625,1), (8625,5638,1), (4642,2024,1), (2024,4642,1), (6439,2855,1), (2855,6439,1), (5080,2855,1), (2855,5080,1), (5080,2855,2), (2855,5080,2), (4283,2855,1), (2855,4283,1), (4283,2855,2), (2855,4283,2), (6826,2855,1), (2855,6826,1), (2855,9134,1), (9134,2855,1), (2855,10334,1), (10334,2855,1), (8015,4915,1), (4915,8015,1), (13255,8028,1), (8028,13255,1), (13603,6659,1), (6659,13603,1), (9712,8064,1), (8064,9712,1), (9712,8064,2), (8064,9712,2), (8009,5701,1), (5701,8009,1), (13537,8009,1), (8009,13537,1), (8009,11628,1), (11628,8009,1), (11628,8009,1 >>> ) <<< , (8009,11628,1), (265,5422,1), (5422,265,1), (13571,11706,1), (11706,13571,1), (13571,3318,1), (3318,13571,1), (12796,11224,1), (11224,12796,1), (187,12796,1), (12796,187,1), (1051,2689,1), (2689,1051,1), (13537,5701,1), (5701,13537,1), (6174,10974,1), (10974,6174,1), (10974,3318,1), (3318,10974,1), (4863,11706,1), (11706,4863,1), (2387,5481,1), (5481,2387,1), (2387,10395,1), (10395,2387,1), (13362,11209,1), (11209,13362,1), (7347,11209,1), (11209,7347,1), (1067,8238,1), (8238,1067,1), (1067,8238,2), (8238,1067,2), (1115,1067,1), (1067,1115,1), (1115,1067,2), (1067,1115,2), (1115,1067,3), (1067,1115,3), (13603,3002,1), (3002,13603,1), (3002,7433,1), (7433,3002,1), (8238,455,1), (455,8238,1), (7832,8064,1), (8064,7832,1), (1495,7832,1), (7832,1495,1), (187,9093,1), (9093,187,1), (9385,12257,1), (12257,9385,1), (9385,12257,2), (12257,9385,2), (8064,13595,1), (13595,8064,1), (5783,13595,1), (13595,5783,1), (10014,13595,1), (13595,10014,1), (13603,7753,1), (7753,13603,1), (7753,12990,1), (12990,7753,1), (6174,10395,1), (10395,6174,1), (6174,10395,2), (10395,6174,2), (6174,10915,1), (10915,6174,1), (6174,3318,1), (3318,6174,1), (3084,1219,1), (1219,3084,1), (13176,3084,1), (3084,13176,1), (3795,13272,1), (13272,3795,1), (8344,7347,1), (7347,8344,1), (8344,7347,2), (7347,8344,2), (5635,3825,1), (3825,5635,1), (3681,5635,1), (5635,3681,1), (8238,5726,1), (5726,8238,1), (963,1495,1), (1495,963,1), (963,5783,1), (5783,963,1), (8536,8553,1), (8553,8536,1), (11224,4035,1), (4035,11224,1), (9949,11224,1), (11224,9949,1), (8028,13603,1), (13603,802

case13659_pegase.dat, line 4 (offset 330229):
	duplicate member (8009,11628,1) for set LINES
context:  , (12257,410,1), (410,12257,1), (12257,410,2), (410,12257,2), (410,9385,1), (9385,410,1), (2751,410,1), (410,2751,1), (4915,5800,1), (5800,4915,1), (7347,5800,1), (5800,7347,1), (5800,8006,1), (8006,5800,1), (9650,5066,1), (5066,9650,1), (7363,9650,1), (9650,7363,1), (2546,5066,1), (5066,2546,1), (3274,13278,1), (13278,3274,1), (8064,3274,1), (3274,8064,1), (12188,723,1), (723,12188,1), (723,4016,1), (4016,723,1), (2720,13255,1), (13255,2720,1), (8009,2720,1), (2720,8009,1), (2720,8553,1), (8553,2720,1), (6439,12663,1), (12663,6439,1), (12663,12107,1), (12107,12663,1), (1067,8828,1), (8828,1067,1), (1067,8828,2), (8828,1067,2), (8828,84,1), (84,8828,1), (8828,84,2), (84,8828,2), (6235,3825,1), (3825,6235,1), (5042,6235,1), (6235,5042,1), (10014,6235,1), (6235,10014,1), (11855,6732,1), (6732,11855,1), (6732,2855,1), (2855,6732,1), (6732,2855,2), (2855,6732,2), (5422,6732,1), (6732,5422,1), (265,6732,1), (6732,265,1), (6732,9134,1), (9134,6732,1), (6732,9420,1), (9420,6732,1), (6439,11855,1), (11855,6439,1), (4035,9154,1), (9154,4035,1), (9154,350,1), (350,9154,1), (4475,8009,1), (8009,4475,1), (4475,2689,1), (2689,4475,1), (30,13610,1), (13610,30,1), (30,1176,1), (1176,30,1), (5042,4984,1), (4984,5042,1), (5042,4984,2), (4984,5042,2), (10014,4984,1), (4984,10014,1), (10014,4984,2), (4984,10014,2), (11857,2244,1), (2244,11857,1), (1051,2244,1), (2244,1051,1), (7959,13610,1), (13610,7959,1), (7959,6720,1), (6720,7959,1), (8553,560,1), (560,8553,1), (560,1279,1), (1279,560,1), (13278,3681,1), (3681,13278,1), (13278,9344,1), (9344,13278,1), (1130,13278,1), (13278,1130,1), (10395,10745,1), (10745,10395,1), (1146,5635,1), (5635,1146,1), (9344,1146,1), (1146,9344,1), (1146,10014,1), (10014,1146,1), (13537,1861,1), (1861,13537,1), (604,1861,1), (1861,604,1), (11857,1861,1), (1861,11857,1), (12257,664,1), (664,12257,1), (7347,10824,1), (10824,7347,1), (7347,10824,2), (10824,7347,2), (3780,11841,1), (11841,3780,1), (11628,8625,1), (8625,11628,1), (5638,8625,1), (8625,5638,1), (4642,2024,1), (2024,4642,1), (6439,2855,1), (2855,6439,1), (5080,2855,1), (2855,5080,1), (5080,2855,2), (2855,5080,2), (4283,2855,1), (2855,